[01/17/2017 20:52:13] admin logged in
[01/17/2017 21:08:05] admin logged in
[01/17/2017 21:13:21] admin logged in
[01/17/2017 21:18:00] admin logged in
[01/17/2017 21:41:40] netsos2 logged in
[01/17/2017 21:55:22] admin logged in
[01/18/2017 14:38:54] admin logged in
[01/18/2017 15:48:09] - logged in
[01/18/2017 15:48:22] - logged in
[01/18/2017 16:04:51] admin logged in
[01/18/2017 16:09:30] - logged in
[01/18/2017 16:10:13] - logged in
[01/18/2017 16:13:54] - logged in
[01/18/2017 16:22:09] - logged in
[01/18/2017 16:25:23] - logged in
[01/18/2017 16:25:29] - logged in
[01/18/2017 16:27:00] seeker logged in
[01/18/2017 16:28:58] seeker logged in
[01/18/2017 16:42:16] admin logged in
[01/18/2017 17:01:57] seeker logged in
[01/18/2017 17:02:12] seeker logged in
[01/18/2017 17:03:25] admin logged in
[01/18/2017 17:03:56] seeker logged in
[01/18/2017 17:04:36] seeker logged in
[01/18/2017 17:05:59] seeker logged in
[01/18/2017 17:12:32] seeker logged in
[01/18/2017 17:13:03] seeker logged in
[01/18/2017 17:16:32] seeker logged in
[01/18/2017 17:19:01] seeker logged in
[01/18/2017 17:21:10] seeker logged in
[01/18/2017 17:26:35] seeker logged in
[01/18/2017 17:43:14] admin logged in
[01/18/2017 17:43:42] seeker logged in
[01/18/2017 17:52:01] seeker logged in
[01/18/2017 18:05:18] admin logged in
[01/18/2017 18:09:56] admin logged in
[01/18/2017 18:13:39] admin logged in
[01/18/2017 18:21:14] admin logged in
[01/18/2017 18:58:15] admin logged in
[01/18/2017 18:58:36] seeker logged in
[01/18/2017 18:59:20] seeker logged in
[01/18/2017 19:01:14] seeker logged in
[01/18/2017 19:02:00] admin logged in
[01/18/2017 19:03:01] seeker logged in
[01/18/2017 19:12:09] admin logged in
[01/18/2017 19:39:10] seeker logged in
[01/18/2017 19:49:29] seeker logged in
[01/18/2017 19:50:51] seeker logged in
[01/18/2017 19:50:54] seeker logged in
[01/18/2017 19:50:59] seeker logged in
[01/18/2017 19:51:15] seeker logged in
[01/18/2017 19:52:12] seeker logged in
[01/18/2017 19:52:24] seeker logged in
[01/18/2017 19:53:28] seeker logged in
[01/18/2017 19:57:37] seeker logged in
[01/18/2017 20:00:53] seeker logged in
[01/18/2017 20:03:34] seeker logged in
[01/18/2017 20:03:37] seeker logged in
[01/18/2017 20:03:38] seeker logged in
[01/18/2017 20:03:51] seeker logged in
[01/18/2017 20:13:44] seeker logged in
[01/18/2017 20:13:51] seeker logged in
[01/18/2017 20:14:07] seeker logged in
[01/18/2017 20:14:10] seeker logged in
[01/18/2017 20:14:53] seeker logged in
[01/18/2017 20:15:51] seeker logged in
[01/18/2017 20:15:58] seeker logged in
[01/18/2017 20:16:17] seeker logged in
[01/18/2017 20:17:03] seeker logged in
[01/18/2017 20:17:16] seeker logged in
[01/18/2017 20:17:28] seeker logged in
[01/18/2017 20:18:17] seeker logged in
[01/18/2017 20:18:29] seeker logged in
[01/18/2017 20:24:33] seeker logged in
[01/18/2017 20:24:41] seeker logged in
[01/18/2017 21:06:41] seeker logged in
[01/18/2017 21:26:41] sense logged in
[01/18/2017 21:26:53] sense logged in
[01/18/2017 21:27:08] sense logged in
[01/18/2017 21:27:21] sense logged in
[01/18/2017 21:28:06] sense logged in
[01/18/2017 21:28:33] sense logged in
[01/18/2017 21:31:44] sense logged in
[01/18/2017 22:03:41] seeker logged in
[01/18/2017 22:03:48] seeker logged in
[01/18/2017 22:04:56] seeker logged in
[01/18/2017 22:05:54] seeker logged in
[01/18/2017 22:48:44] seeker logged in
[01/18/2017 22:55:50] admin logged in
[01/18/2017 22:56:15] seeker logged in
[01/18/2017 22:56:26] seeker logged in
[01/18/2017 22:56:26] seeker logged in
[01/18/2017 22:56:36] seeker logged in
[01/18/2017 22:56:51] seeker logged in
[01/18/2017 23:07:07] seeker logged in
[01/19/2017 15:29:55] admin logged in
[01/19/2017 15:36:04] seeker logged in
[01/19/2017 15:36:31] seeker logged in
[01/19/2017 15:36:42] seeker logged in
[01/19/2017 15:36:49] seeker logged in
[01/19/2017 15:37:14] seeker logged in
[01/19/2017 15:37:30] seeker logged in
[01/19/2017 15:38:00] seeker logged in
[01/19/2017 15:38:29] admin logged in
[01/19/2017 15:42:36] seeker logged in
[01/19/2017 15:42:40] seeker logged in
[01/19/2017 15:43:16] seeker logged in
[01/19/2017 18:51:28] adam logged in
[01/19/2017 19:01:22] sattvika logged in
[01/19/2017 19:01:31] sattvika logged in
[01/19/2017 19:02:58] adam logged in
[01/19/2017 19:03:28] sattvika logged in
[01/19/2017 19:04:57] sattvika logged in
[01/19/2017 19:05:47] adam logged in
[01/19/2017 19:06:14] adam logged in
[01/19/2017 19:09:37] admin logged in
[01/19/2017 19:10:02] admin logged in
[01/19/2017 19:10:42] admin logged in
[01/19/2017 19:11:02] admin logged in
