[01/17/2017 21:32:00] netsos registered with netsos@mail.com
[01/17/2017 21:33:49] netsos2 registered with netsos2@mail.com
[01/18/2017 14:14:38] netsos2 registered with netsos2@mail.com
[01/18/2017 14:35:24] - registered with -
[01/18/2017 14:39:35] - registered with -
[01/18/2017 14:44:01] - registered with -
[01/18/2017 14:46:58] - registered with -
[01/18/2017 14:50:00] - registered with -
[01/18/2017 14:52:03] - registered with -
[01/18/2017 14:52:44] - registered with -
[01/18/2017 14:58:42] - registered with -
[01/18/2017 15:03:59] - registered with -
[01/18/2017 15:04:39] - registered with -
[01/18/2017 15:05:28] - registered with -
[01/18/2017 15:06:10] - registered with -
[01/18/2017 15:08:18] - registered with -
[01/18/2017 15:10:59] - registered with -
[01/18/2017 15:13:36] - registered with -
[01/18/2017 15:31:41] - registered with -
[01/18/2017 15:46:03] - registered with -
[01/18/2017 16:05:17] - registered with -
[01/18/2017 16:13:32] seeker registered with seeker
[01/18/2017 17:03:50] seeker registered with seeker
[01/18/2017 17:43:34] seeker registered with seeker
[01/18/2017 18:58:24] seeker registered with seeker
[01/18/2017 19:38:47] seeker registered with seeker
[01/18/2017 21:26:36] sense registered with sense
[01/18/2017 22:02:46] seeker registered with seeker
